<?xml version="1.0" encoding="UTF-8"?>
<testsuite name="com.group.libraryapp.calculator.JunitCalculatorTest" tests="5" skipped="0" failures="0" errors="0" timestamp="2023-02-22T10:28:20" hostname="yubolaui-MacBookPro-2.local" time="0.078">
  <properties/>
  <testcase name="divideTest()" classname="com.group.libraryapp.calculator.JunitCalculatorTest" time="0.063"/>
  <testcase name="addTest()" classname="com.group.libraryapp.calculator.JunitCalculatorTest" time="0.001"/>
  <testcase name="devideExceptionTest()" classname="com.group.libraryapp.calculator.JunitCalculatorTest" time="0.007"/>
  <testcase name="multipleTest()" classname="com.group.libraryapp.calculator.JunitCalculatorTest" time="0.002"/>
  <testcase name="minusTest()" classname="com.group.libraryapp.calculator.JunitCalculatorTest" time="0.001"/>
  <system-out><![CDATA[]]></system-out>
  <system-err><![CDATA[]]></system-err>
</testsuite>
